2019-11-20 00:35:13,900 INFO org.springframework.boot.SpringApplication [main] The following profiles are active: integration-tests
2019-11-20 00:35:16,000 DEBUG com.microservice.authentication.SharedAuthenticationServiceApplicationIntegrationTest$EmbeddedRedisTestConfiguration [main] RedisServer: redis.embedded.RedisServer@1142d377	redisPort: 6370
2019-11-20 00:35:16,027 DEBUG com.microservice.authentication.autoconfigure.AuthenticationCommonMongoConfiguration [main] Set authentication common configuration: com.microservice.authentication.autoconfigure.AuthenticationCommonMongoConfiguration$$EnhancerBySpringCGLIB$$a522e8f8@372461a9
2019-11-20 00:35:17,318 DEBUG com.microservice.jwt.common.TokenProvider [main] Using a Base64-encoded JWT secret key
2019-11-20 00:35:18,190 DEBUG com.microservice.authentication.SharedAuthenticationServiceApplicationIntegrationTest$UserMockConfiguration [main] Created Master Authentication: Authentication(id=5dd48a46da869b152f666aef, email=master@gmail.com, password={bcrypt}$2a$10$zte95ZiMPNJrgPlewirRAuabqZ4gZp7FzaoDcwdbps7fLpwB7JxT., fullName=Master of something, enabled=true, authorities=[Authority(role=ROLE_CREATE), Authority(role=ROLE_READ), Authority(role=ROLE_SAVE)])
2019-11-20 00:35:18,973 DEBUG com.microservice.authentication.config.AuthorizationServerConfiguration [main] listOfServices: [http://127.0.0.1:8080/login, http://localhost:8080/login]
2019-11-20 00:35:19,622 DEBUG com.microservice.authentication.config.SpringSecurityFormConfiguration [main] SpringSecurityFormConfiguration:Set paths
2019-11-20 00:35:23,567 INFO org.springframework.boot.StartupInfoLogger [main] Started SharedAuthenticationServiceApplicationIntegrationTest in 10.766 seconds (JVM running for 11.75)
2019-11-20 00:35:23,712 DEBUG com.microservice.authentication.AuthenticationServiceApplication [main] Creating default authentication: Authentication(id=d965e644-e16d-4ab6-8f73-bd1632d8cbdd, email=default@admin.com, password={bcrypt}$2a$10$Pw5t7ihXnJliJvLPvwHxvud/jbtgT.cLag6d1TXQstLJi1G0jwcpi, fullName=System Administrator, enabled=false, authorities=null)
2019-11-20 00:35:23,722 DEBUG com.microservice.authentication.AuthenticationServiceApplication [main] Created Default Authentication: Authentication(id=d965e644-e16d-4ab6-8f73-bd1632d8cbdd, email=default@admin.com, password={bcrypt}$2a$10$Pw5t7ihXnJliJvLPvwHxvud/jbtgT.cLag6d1TXQstLJi1G0jwcpi, fullName=System Administrator, enabled=false, authorities=null)
2019-11-20 00:35:24,031 DEBUG com.microservice.authentication.common.service.SharedAuthenticationServiceImpl [main] Searching username: default@admin.com
2019-11-20 00:35:24,042 DEBUG com.microservice.authentication.common.service.SharedAuthenticationServiceImpl [main] Authentication: Authentication(id=d965e644-e16d-4ab6-8f73-bd1632d8cbdd, email=default@admin.com, password={bcrypt}$2a$10$Pw5t7ihXnJliJvLPvwHxvud/jbtgT.cLag6d1TXQstLJi1G0jwcpi, fullName=System Administrator, enabled=false, authorities=null)
2019-11-20 00:35:24,149 DEBUG com.microservice.authentication.common.service.SharedAuthenticationServiceImpl [main] Searching username: master@gmail.com
2019-11-20 00:35:24,153 DEBUG com.microservice.authentication.common.service.SharedAuthenticationServiceImpl [main] Authentication: Authentication(id=5dd48a46da869b152f666aef, email=master@gmail.com, password={bcrypt}$2a$10$zte95ZiMPNJrgPlewirRAuabqZ4gZp7FzaoDcwdbps7fLpwB7JxT., fullName=Master of something, enabled=true, authorities=[Authority(role=ROLE_CREATE), Authority(role=ROLE_READ), Authority(role=ROLE_SAVE)])
2019-11-20 00:35:24,581 DEBUG com.microservice.authentication.common.service.SharedAuthenticationServiceImpl [main] Searching username: master@gmail.com
2019-11-20 00:35:24,584 DEBUG com.microservice.authentication.common.service.SharedAuthenticationServiceImpl [main] Authentication: Authentication(id=5dd48a46da869b152f666aef, email=master@gmail.com, password={bcrypt}$2a$10$zte95ZiMPNJrgPlewirRAuabqZ4gZp7FzaoDcwdbps7fLpwB7JxT., fullName=Master of something, enabled=true, authorities=[Authority(role=ROLE_CREATE), Authority(role=ROLE_READ), Authority(role=ROLE_SAVE)])
2019-11-20 00:35:24,747 DEBUG com.microservice.authentication.common.service.SharedAuthenticationServiceImpl [main] Searching username: master@gmail.com
2019-11-20 00:35:24,749 DEBUG com.microservice.authentication.common.service.SharedAuthenticationServiceImpl [main] Authentication: Authentication(id=5dd48a46da869b152f666aef, email=master@gmail.com, password={bcrypt}$2a$10$zte95ZiMPNJrgPlewirRAuabqZ4gZp7FzaoDcwdbps7fLpwB7JxT., fullName=Master of something, enabled=true, authorities=[Authority(role=ROLE_CREATE), Authority(role=ROLE_READ), Authority(role=ROLE_SAVE)])
2019-11-20 00:35:24,947 DEBUG com.microservice.authentication.common.service.SharedAuthenticationServiceImpl [main] Searching username: default@admin.com
2019-11-20 00:35:24,950 DEBUG com.microservice.authentication.common.service.SharedAuthenticationServiceImpl [main] Authentication: Authentication(id=d965e644-e16d-4ab6-8f73-bd1632d8cbdd, email=default@admin.com, password={bcrypt}$2a$10$Pw5t7ihXnJliJvLPvwHxvud/jbtgT.cLag6d1TXQstLJi1G0jwcpi, fullName=System Administrator, enabled=false, authorities=null)
2019-11-20 00:35:24,958 DEBUG com.microservice.authentication.web.util.CustomDefaultErrorAttributes [main] Default Error Attributes: {timestamp=Wed Nov 20 00:35:24 GMT 2019, status=401, error=401 UNAUTHORIZED, message=DisabledException: User is disabled}
